#
# A fatal error has been detected by the Java Runtime Environment:
#
#  SIGSEGV (0xb) at pc=0x000000010785d2c8, pid=20192, tid=16643
#
# JRE version: Java(TM) SE Runtime Environment (8.0_74-b02) (build 1.8.0_74-b02)
# Java VM: Java HotSpot(TM) 64-Bit Server VM (25.74-b02 mixed mode bsd-amd64 compressed oops)
# Problematic frame:
# V  [libjvm.dylib+0x4462c8]
#
# Failed to write core dump. Core dumps have been disabled. To enable core dumping, try "ulimit -c unlimited" before starting Java again
#
# If you would like to submit a bug report, please visit:
#   http://bugreport.java.com/bugreport/crash.jsp
#

---------------  T H R E A D  ---------------

Current thread (0x00007f803b05f000):  JavaThread "JDWP Transport Listener: dt_socket" daemon [_thread_in_vm, id=16643, stack(0x00000001e01f8000,0x00000001e02f8000)]

siginfo: si_signo: 11 (SIGSEGV), si_code: 0 (unknown), si_addr: 0x0000000000000000

Registers:
RAX=0x0000000000000001, RBX=0x00000001e02f7a8b, RCX=0x0000000107c2c340, RDX=0x00000001e02f7a8b
RSP=0x00000001e02f79d0, RBP=0x00000001e02f79e0, RSI=0x00007f803b05f000, RDI=0x000200016d1f04b0
R8 =0x0000000000000000, R9 =0x00007f8039e00000, R10=0x0000000000000010, R11=0x00007f8039e00000
R12=0x00007f803b05f000, R13=0x000200016d1f04b0, R14=0x000200016d1f04b0, R15=0x00007f8039e026d0
RIP=0x000000010785d2c8, EFLAGS=0x0000000000010202, ERR=0x0000000000000000
  TRAPNO=0x000000000000000d

Top of Stack: (sp=0x00000001e02f79d0)
0x00000001e02f79d0:   00000001e02f7a8b 00000001e02f7a8b
0x00000001e02f79e0:   00000001e02f7a40 000000010776c2fe
0x00000001e02f79f0:   00007f803b05f000 0000000000000000
0x00000001e02f7a00:   0000000000000000 0000000000000000
0x00000001e02f7a10:   00007f803b05f000 00007f803b05f000
0x00000001e02f7a20:   00000001e02f7a8b 00000001e02f7a90
0x00000001e02f7a30:   000200016d1f04b0 0000000000000003
0x00000001e02f7a40:   00000001e02f7a60 000000010850c780
0x00000001e02f7a50:   0000000000000001 00000001e02f7b08
0x00000001e02f7a60:   00000001e02f7ad0 00000001084f11f3
0x00000001e02f7a70:   00000001e02f7aa0 00007f8039e25c20
0x00000001e02f7a80:   0000000400000032 0000000a002f7b08
0x00000001e02f7a90:   0000000000000000 0000000000000000
0x00000001e02f7aa0:   0000000000000000 00000001e02f7c90
0x00000001e02f7ab0:   0000000108513e7a 00007f8039d41a70
0x00000001e02f7ac0:   00000001e02f7b08 000000010851f598
0x00000001e02f7ad0:   00000001e02f7ae0 00000001084f12ec
0x00000001e02f7ae0:   00000001e02f7d00 00000001084fa898
0x00000001e02f7af0:   00003ae400000013 00000000000f0200
0x00000001e02f7b00:   00007f8039d4e860 00000001e02f7c34
0x00000001e02f7b10:   00007f8000000050 00000001e02f7b20
0x00000001e02f7b20:   00007f80000000dc 00000001e02f7b58
0x00000001e02f7b30:   0000000000000000 00007f0000000000
0x00000001e02f7b40:   00003ae40000000f 00007fff00000780
0x00000001e02f7b50:   00000001e02f7b58 807f000004000000
0x00000001e02f7b60:   0d000000d880c139 6d246164626d616c
0x00000001e02f7b70:   00000030246e6961 2f6176616a4c2828
0x00000001e02f7b80:   7274532f676e616c 76616a4c3b676e69
0x00000001e02f7b90:   492f676e616c2f61 293b72656765746e
0x00000001e02f7ba0:   1000f00000000056 80c139807f00000a
0x00000001e02f7bb0:   69616d04000000c8 4c5b28160000006e
0x00000001e02f7bc0:   6e616c2f6176616a 676e697274532f67 

Instructions: (pc=0x000000010785d2c8)
0x000000010785d2a8:   40 48 48 85 c0 75 e0 30 c0 0f b6 c0 5d c3 31 c0
0x000000010785d2b8:   5d c3 55 48 89 e5 53 48 83 ec 08 48 85 ff 74 24
0x000000010785d2c8:   48 8b 1f 48 85 db 74 1c 48 83 fb 37 74 16 48 8b
0x000000010785d2d8:   03 48 89 df ff 50 10 84 c0 b8 00 00 00 00 48 0f 

Register to memory mapping:

RAX=0x0000000000000001 is an unknown value
RBX=0x00000001e02f7a8b is pointing into the stack for thread: 0x00007f803b05f000
RCX=0x0000000107c2c340: UseMembar+0 in /Library/Java/JavaVirtualMachines/jdk1.8.0_74.jdk/Contents/Home/jre/lib/server/libjvm.dylib at 0x0000000107417000
RDX=0x00000001e02f7a8b is pointing into the stack for thread: 0x00007f803b05f000
RSP=0x00000001e02f79d0 is pointing into the stack for thread: 0x00007f803b05f000
RBP=0x00000001e02f79e0 is pointing into the stack for thread: 0x00007f803b05f000
RSI=0x00007f803b05f000 is a thread
RDI=0x000200016d1f04b0 is an unknown value
R8 =0x0000000000000000 is an unknown value
R9 =0x00007f8039e00000 is an unknown value
R10=0x0000000000000010 is an unknown value
R11=0x00007f8039e00000 is an unknown value
R12=0x00007f803b05f000 is a thread
R13=0x000200016d1f04b0 is an unknown value
R14=0x000200016d1f04b0 is an unknown value
R15=0x00007f8039e026d0 is an unknown value


Stack: [0x00000001e01f8000,0x00000001e02f8000],  sp=0x00000001e02f79d0,  free space=1022k
Native frames: (J=compiled Java code, j=interpreted, Vv=VM code, C=native code)
V  [libjvm.dylib+0x4462c8]
V  [libjvm.dylib+0x3552fe]
C  [libjdwp.dylib+0x20780]  isMethodSynthetic+0x63
C  [libjdwp.dylib+0x51f3]  methods1+0x10b
C  [libjdwp.dylib+0x52ec]  methodsWithGeneric+0xe
C  [libjdwp.dylib+0xe898]  debugLoop_run+0x1ce
C  [libjdwp.dylib+0x1f6ba]  attachThread+0x4d
V  [libjvm.dylib+0x39665c]
V  [libjvm.dylib+0x560e03]
V  [libjvm.dylib+0x5624fe]
V  [libjvm.dylib+0x482eda]
C  [libsystem_pthread.dylib+0x405a]  _pthread_body+0x83
C  [libsystem_pthread.dylib+0x3fd7]  _pthread_body+0x0
C  [libsystem_pthread.dylib+0x13ed]  thread_start+0xd
C  0x0000000000000000


---------------  P R O C E S S  ---------------

Java Threads: ( => current thread )
  0x00007f803a03f000 JavaThread "Service Thread" daemon [_thread_blocked, id=19715, stack(0x00000001e080a000,0x00000001e090a000)]
  0x00007f803a031800 JavaThread "C1 CompilerThread2" daemon [_thread_blocked, id=19203, stack(0x00000001e0707000,0x00000001e0807000)]
  0x00007f803a82b000 JavaThread "C2 CompilerThread1" daemon [_thread_blocked, id=18691, stack(0x00000001e0604000,0x00000001e0704000)]
  0x00007f803b02f800 JavaThread "C2 CompilerThread0" daemon [_thread_blocked, id=18179, stack(0x00000001e0501000,0x00000001e0601000)]
  0x00007f803b02e800 JavaThread "JDWP Command Reader" daemon [_thread_in_native, id=17667, stack(0x00000001e03fe000,0x00000001e04fe000)]
  0x00007f803b02e000 JavaThread "JDWP Event Helper Thread" daemon [_thread_blocked, id=17155, stack(0x00000001e02fb000,0x00000001e03fb000)]
=>0x00007f803b05f000 JavaThread "JDWP Transport Listener: dt_socket" daemon [_thread_in_vm, id=16643, stack(0x00000001e01f8000,0x00000001e02f8000)]
  0x00007f803a827800 JavaThread "Signal Dispatcher" daemon [_thread_blocked, id=13579, stack(0x00000001e00ee000,0x00000001e01ee000)]
  0x00007f803b803800 JavaThread "Finalizer" daemon [_thread_blocked, id=11523, stack(0x00000001de6ca000,0x00000001de7ca000)]
  0x00007f803b006000 JavaThread "Reference Handler" daemon [_thread_blocked, id=11011, stack(0x00000001de5c7000,0x00000001de6c7000)]
  0x00007f803b021000 JavaThread "main" [_thread_in_native, id=4867, stack(0x00000001083a7000,0x00000001084a7000)]

Other Threads:
  0x00007f803a02d000 VMThread [stack: 0x00000001de4c4000,0x00000001de5c4000] [id=10499]
  0x00007f803b032000 WatcherThread [stack: 0x00000001e090d000,0x00000001e0a0d000] [id=20227]

VM state:not at safepoint (normal execution)

VM Mutex/Monitor currently owned by a thread: None

Heap:
 PSYoungGen      total 38400K, used 2662K [0x000000016d180000, 0x000000016fc00000, 0x0000000197c00000)
  eden space 33280K, 8% used [0x000000016d180000,0x000000016d419a10,0x000000016f200000)
  from space 5120K, 0% used [0x000000016f700000,0x000000016f700000,0x000000016fc00000)
  to   space 5120K, 0% used [0x000000016f200000,0x000000016f200000,0x000000016f700000)
 ParOldGen       total 87552K, used 0K [0x0000000117c00000, 0x000000011d180000, 0x000000016d180000)
  object space 87552K, 0% used [0x0000000117c00000,0x0000000117c00000,0x000000011d180000)
 Metaspace       used 2720K, capacity 4562K, committed 4864K, reserved 1056768K
  class space    used 292K, capacity 386K, committed 512K, reserved 1048576K

Card table byte_map: [0x0000000197c00000,0x0000000198001000] byte_map_base: 0x0000000197342000

Marking Bits: (ParMarkBitMap*) 0x0000000107cfaea0
 Begin Bits: [0x00000001986b8000, 0x000000019a6b8000)
 End Bits:   [0x000000019a6b8000, 0x000000019c6b8000)

Polling page: 0x0000000106bfe000

CodeCache: size=245760Kb used=1157Kb max_used=1158Kb free=244602Kb
 bounds [0x000000010854c000, 0x00000001087bc000, 0x000000011754c000]
 total_blobs=286 nmethods=63 adapters=145
 compilation: enabled

Compilation events (10 events):
Event: 0.224 Thread 0x00007f803a031800   59       3       java.util.HashMap::get (23 bytes)
Event: 0.224 Thread 0x00007f803a031800 nmethod 59 0x000000010866bb10 code [0x000000010866bca0, 0x000000010866c0b8]
Event: 0.231 Thread 0x00007f803a031800   60       3       java.lang.String::hashCode (55 bytes)
Event: 0.231 Thread 0x00007f803a031800 nmethod 60 0x000000010866b610 code [0x000000010866b780, 0x000000010866ba10]
Event: 0.236 Thread 0x00007f803a031800   61       3       java.lang.StringBuilder::<init> (7 bytes)
Event: 0.236 Thread 0x00007f803a031800 nmethod 61 0x000000010866b0d0 code [0x000000010866b240, 0x000000010866b4f0]
Event: 0.236 Thread 0x00007f803a031800   62       3       java.lang.StringBuilder::toString (17 bytes)
Event: 0.236 Thread 0x00007f803a031800 nmethod 62 0x000000010866ac90 code [0x000000010866ae00, 0x000000010866b008]
Event: 86.411 Thread 0x00007f803a031800   63       1       java.util.HashMap::size (5 bytes)
Event: 86.411 Thread 0x00007f803a031800 nmethod 63 0x000000010866a9d0 code [0x000000010866ab20, 0x000000010866ac30]

GC Heap History (0 events):
No events

Deoptimization events (1 events):
Event: 0.231 Thread 0x00007f803b021000 Uncommon trap: reason=unstable_if action=reinterpret pc=0x000000010866d8cc method=java.lang.String.hashCode()I @ 14

Internal exceptions (10 events):
Event: 0.214 Thread 0x00007f803b021000 Exception <a 'java/security/PrivilegedActionException'> (0x000000016d388e10) thrown at [/Users/java_re/workspace/8-2-build-macosx-x86_64/jdk8u74/6087/hotspot/src/share/vm/prims/jvm.cpp, line 1386]
Event: 0.215 Thread 0x00007f803b021000 Exception <a 'java/util/zip/ZipException'> (0x000000016d389b90) thrown at [/Users/java_re/workspace/8-2-build-macosx-x86_64/jdk8u74/6087/hotspot/src/share/vm/prims/jni.cpp, line 709]
Event: 0.215 Thread 0x00007f803b021000 Exception <a 'java/security/PrivilegedActionException'> (0x000000016d389d98) thrown at [/Users/java_re/workspace/8-2-build-macosx-x86_64/jdk8u74/6087/hotspot/src/share/vm/prims/jvm.cpp, line 1386]
Event: 0.215 Thread 0x00007f803b021000 Exception <a 'java/security/PrivilegedActionException'> (0x000000016d389fa8) thrown at [/Users/java_re/workspace/8-2-build-macosx-x86_64/jdk8u74/6087/hotspot/src/share/vm/prims/jvm.cpp, line 1386]
Event: 0.216 Thread 0x00007f803b021000 Exception <a 'java/util/zip/ZipException'> (0x000000016d38ad28) thrown at [/Users/java_re/workspace/8-2-build-macosx-x86_64/jdk8u74/6087/hotspot/src/share/vm/prims/jni.cpp, line 709]
Event: 0.216 Thread 0x00007f803b021000 Exception <a 'java/security/PrivilegedActionException'> (0x000000016d38af30) thrown at [/Users/java_re/workspace/8-2-build-macosx-x86_64/jdk8u74/6087/hotspot/src/share/vm/prims/jvm.cpp, line 1386]
Event: 0.216 Thread 0x00007f803b021000 Exception <a 'java/security/PrivilegedActionException'> (0x000000016d38b140) thrown at [/Users/java_re/workspace/8-2-build-macosx-x86_64/jdk8u74/6087/hotspot/src/share/vm/prims/jvm.cpp, line 1386]
Event: 0.218 Thread 0x00007f803b021000 Exception <a 'java/util/zip/ZipException'> (0x000000016d39c930) thrown at [/Users/java_re/workspace/8-2-build-macosx-x86_64/jdk8u74/6087/hotspot/src/share/vm/prims/jni.cpp, line 709]
Event: 0.218 Thread 0x00007f803b021000 Exception <a 'java/security/PrivilegedActionException'> (0x000000016d39cb38) thrown at [/Users/java_re/workspace/8-2-build-macosx-x86_64/jdk8u74/6087/hotspot/src/share/vm/prims/jvm.cpp, line 1386]
Event: 0.218 Thread 0x00007f803b021000 Exception <a 'java/security/PrivilegedActionException'> (0x000000016d39cd48) thrown at [/Users/java_re/workspace/8-2-build-macosx-x86_64/jdk8u74/6087/hotspot/src/share/vm/prims/jvm.cpp, line 1386]

Events (10 events):
Event: 250.055 Executing VM operation: ChangeBreakpoints
Event: 250.055 Executing VM operation: ChangeBreakpoints done
Event: 250.056 Executing VM operation: RedefineClasses
Event: 250.056 Executing VM operation: RedefineClasses done
Event: 250.082 Executing VM operation: ChangeBreakpoints
Event: 250.083 Executing VM operation: ChangeBreakpoints done
Event: 430.133 Executing VM operation: ChangeBreakpoints
Event: 430.133 Executing VM operation: ChangeBreakpoints done
Event: 928.504 Executing VM operation: RedefineClasses
Event: 928.504 Executing VM operation: RedefineClasses done


Dynamic libraries:
0x0000000001a61000 	/System/Library/Frameworks/Cocoa.framework/Versions/A/Cocoa
0x0000000001a61000 	/System/Library/Frameworks/Security.framework/Versions/A/Security
0x0000000001a61000 	/System/Library/Frameworks/ApplicationServices.framework/Versions/A/ApplicationServices
0x0000000001a61000 	/usr/lib/libz.1.dylib
0x0000000001a61000 	/usr/lib/libSystem.B.dylib
0x0000000001a61000 	/usr/lib/libobjc.A.dylib
0x0000000001a61000 	/System/Library/Frameworks/CoreFoundation.framework/Versions/A/CoreFoundation
0x0000000001a61000 	/System/Library/Frameworks/Foundation.framework/Versions/C/Foundation
0x0000000001a61000 	/System/Library/Frameworks/AppKit.framework/Versions/C/AppKit
0x0000000001a61000 	/System/Library/Frameworks/CoreData.framework/Versions/A/CoreData
0x0000000001a61000 	/System/Library/PrivateFrameworks/RemoteViewServices.framework/Versions/A/RemoteViewServices
0x0000000001a61000 	/System/Library/PrivateFrameworks/UIFoundation.framework/Versions/A/UIFoundation
0x0000000001a61000 	/System/Library/Frameworks/IOSurface.framework/Versions/A/IOSurface
0x0000000001a61000 	/System/Library/Frameworks/AudioToolbox.framework/Versions/A/AudioToolbox
0x0000000001a61000 	/System/Library/Frameworks/AudioUnit.framework/Versions/A/AudioUnit
0x0000000001a61000 	/System/Library/PrivateFrameworks/DataDetectorsCore.framework/Versions/A/DataDetectorsCore
0x0000000001a61000 	/System/Library/PrivateFrameworks/DesktopServicesPriv.framework/Versions/A/DesktopServicesPriv
0x0000000001a61000 	/System/Library/Frameworks/Carbon.framework/Versions/A/Frameworks/HIToolbox.framework/Versions/A/HIToolbox
0x0000000001a61000 	/System/Library/Frameworks/QuartzCore.framework/Versions/A/QuartzCore
0x0000000001a61000 	/System/Library/Frameworks/Carbon.framework/Versions/A/Frameworks/SpeechRecognition.framework/Versions/A/SpeechRecognition
0x0000000001a61000 	/usr/lib/libauto.dylib
0x0000000001a61000 	/usr/lib/libicucore.A.dylib
0x0000000001a61000 	/usr/lib/libxml2.2.dylib
0x0000000001a61000 	/System/Library/PrivateFrameworks/CoreUI.framework/Versions/A/CoreUI
0x0000000001a61000 	/System/Library/Frameworks/CoreAudio.framework/Versions/A/CoreAudio
0x0000000001a61000 	/System/Library/Frameworks/DiskArbitration.framework/Versions/A/DiskArbitration
0x0000000001a61000 	/usr/lib/liblangid.dylib
0x0000000001a61000 	/System/Library/PrivateFrameworks/MultitouchSupport.framework/Versions/A/MultitouchSupport
0x0000000001a61000 	/System/Library/Frameworks/IOKit.framework/Versions/A/IOKit
0x0000000001a61000 	/usr/lib/libDiagnosticMessagesClient.dylib
0x0000000001a61000 	/System/Library/Frameworks/CoreServices.framework/Versions/A/CoreServices
0x0000000001a61000 	/System/Library/PrivateFrameworks/PerformanceAnalysis.framework/Versions/A/PerformanceAnalysis
0x0000000001a61000 	/System/Library/PrivateFrameworks/GenerationalStorage.framework/Versions/A/GenerationalStorage
0x0000000001a61000 	/System/Library/Frameworks/OpenGL.framework/Versions/A/OpenGL
0x0000000001a61000 	/System/Library/PrivateFrameworks/Sharing.framework/Versions/A/Sharing
0x0000000001a61000 	/System/Library/Frameworks/CoreGraphics.framework/Versions/A/CoreGraphics
0x0000000001a61000 	/System/Library/Frameworks/CoreText.framework/Versions/A/CoreText
0x0000000001a61000 	/System/Library/Frameworks/ImageIO.framework/Versions/A/ImageIO
0x0000000001a61000 	/usr/lib/libextension.dylib
0x0000000001a61000 	/System/Library/PrivateFrameworks/Backup.framework/Versions/A/Backup
0x0000000001a61000 	/usr/lib/libarchive.2.dylib
0x0000000001a61000 	/System/Library/Frameworks/CFNetwork.framework/Versions/A/CFNetwork
0x0000000001a61000 	/System/Library/Frameworks/SystemConfiguration.framework/Versions/A/SystemConfiguration
0x0000000001a61000 	/usr/lib/libCRFSuite.dylib
0x0000000001a61000 	/usr/lib/libc++.1.dylib
0x0000000001a61000 	/usr/lib/libc++abi.dylib
0x0000000001a61000 	/usr/lib/system/libcache.dylib
0x0000000001a61000 	/usr/lib/system/libcommonCrypto.dylib
0x0000000001a61000 	/usr/lib/system/libcompiler_rt.dylib
0x0000000001a61000 	/usr/lib/system/libcopyfile.dylib
0x0000000001a61000 	/usr/lib/system/libcorecrypto.dylib
0x0000000001a61000 	/usr/lib/system/libdispatch.dylib
0x0000000001a61000 	/usr/lib/system/libdyld.dylib
0x0000000001a61000 	/usr/lib/system/libkeymgr.dylib
0x0000000001a61000 	/usr/lib/system/liblaunch.dylib
0x0000000001a61000 	/usr/lib/system/libmacho.dylib
0x0000000001a61000 	/usr/lib/system/libquarantine.dylib
0x0000000001a61000 	/usr/lib/system/libremovefile.dylib
0x0000000001a61000 	/usr/lib/system/libsystem_asl.dylib
0x0000000001a61000 	/usr/lib/system/libsystem_blocks.dylib
0x0000000001a61000 	/usr/lib/system/libsystem_c.dylib
0x0000000001a61000 	/usr/lib/system/libsystem_configuration.dylib
0x0000000001a61000 	/usr/lib/system/libsystem_coreservices.dylib
0x0000000001a61000 	/usr/lib/system/libsystem_coretls.dylib
0x0000000001a61000 	/usr/lib/system/libsystem_dnssd.dylib
0x0000000001a61000 	/usr/lib/system/libsystem_info.dylib
0x0000000001a61000 	/usr/lib/system/libsystem_kernel.dylib
0x0000000001a61000 	/usr/lib/system/libsystem_m.dylib
0x0000000001a61000 	/usr/lib/system/libsystem_malloc.dylib
0x0000000001a61000 	/usr/lib/system/libsystem_network.dylib
0x0000000001a61000 	/usr/lib/system/libsystem_networkextension.dylib
0x0000000001a61000 	/usr/lib/system/libsystem_notify.dylib
0x0000000001a61000 	/usr/lib/system/libsystem_platform.dylib
0x0000000001a61000 	/usr/lib/system/libsystem_pthread.dylib
0x0000000001a61000 	/usr/lib/system/libsystem_sandbox.dylib
0x0000000001a61000 	/usr/lib/system/libsystem_secinit.dylib
0x0000000001a61000 	/usr/lib/system/libsystem_stats.dylib
0x0000000001a61000 	/usr/lib/system/libsystem_trace.dylib
0x0000000001a61000 	/usr/lib/system/libunc.dylib
0x0000000001a61000 	/usr/lib/system/libunwind.dylib
0x0000000001a61000 	/usr/lib/system/libxpc.dylib
0x0000000001a61000 	/usr/lib/libbz2.1.0.dylib
0x0000000001a61000 	/usr/lib/liblzma.5.dylib
0x0000000001a61000 	/usr/lib/libbsm.0.dylib
0x0000000001a61000 	/usr/lib/libsqlite3.dylib
0x0000000001a61000 	/usr/lib/system/libkxld.dylib
0x0000000001a61000 	/usr/lib/libxar.1.dylib
0x0000000001a61000 	/usr/lib/libpam.2.dylib
0x0000000001a61000 	/usr/lib/libOpenScriptingUtil.dylib
0x0000000001a61000 	/System/Library/Frameworks/CoreServices.framework/Versions/A/Frameworks/FSEvents.framework/Versions/A/FSEvents
0x0000000001a61000 	/System/Library/Frameworks/CoreServices.framework/Versions/A/Frameworks/CarbonCore.framework/Versions/A/CarbonCore
0x0000000001a61000 	/System/Library/Frameworks/CoreServices.framework/Versions/A/Frameworks/Metadata.framework/Versions/A/Metadata
0x0000000001a61000 	/System/Library/Frameworks/CoreServices.framework/Versions/A/Frameworks/OSServices.framework/Versions/A/OSServices
0x0000000001a61000 	/System/Library/Frameworks/CoreServices.framework/Versions/A/Frameworks/SearchKit.framework/Versions/A/SearchKit
0x0000000001a61000 	/System/Library/Frameworks/CoreServices.framework/Versions/A/Frameworks/AE.framework/Versions/A/AE
0x0000000001a61000 	/System/Library/Frameworks/CoreServices.framework/Versions/A/Frameworks/LaunchServices.framework/Versions/A/LaunchServices
0x0000000001a61000 	/System/Library/Frameworks/CoreServices.framework/Versions/A/Frameworks/DictionaryServices.framework/Versions/A/DictionaryServices
0x0000000001a61000 	/System/Library/Frameworks/NetFS.framework/Versions/A/NetFS
0x0000000001a61000 	/System/Library/PrivateFrameworks/NetAuth.framework/Versions/A/NetAuth
0x0000000001a61000 	/System/Library/PrivateFrameworks/login.framework/Versions/A/Frameworks/loginsupport.framework/Versions/A/loginsupport
0x0000000001a61000 	/System/Library/PrivateFrameworks/TCC.framework/Versions/A/TCC
0x0000000001a61000 	/usr/lib/libmecabra.dylib
0x0000000001a61000 	/System/Library/Frameworks/ApplicationServices.framework/Versions/A/Frameworks/ATS.framework/Versions/A/ATS
0x0000000001a61000 	/System/Library/Frameworks/ApplicationServices.framework/Versions/A/Frameworks/ColorSync.framework/Versions/A/ColorSync
0x0000000001a61000 	/System/Library/Frameworks/ApplicationServices.framework/Versions/A/Frameworks/HIServices.framework/Versions/A/HIServices
0x0000000001a61000 	/System/Library/Frameworks/ApplicationServices.framework/Versions/A/Frameworks/LangAnalysis.framework/Versions/A/LangAnalysis
0x0000000001a61000 	/System/Library/Frameworks/ApplicationServices.framework/Versions/A/Frameworks/PrintCore.framework/Versions/A/PrintCore
0x0000000001a61000 	/System/Library/Frameworks/ApplicationServices.framework/Versions/A/Frameworks/QD.framework/Versions/A/QD
0x0000000001a61000 	/System/Library/Frameworks/ApplicationServices.framework/Versions/A/Frameworks/SpeechSynthesis.framework/Versions/A/SpeechSynthesis
0x0000000001a61000 	/System/Library/Frameworks/Accelerate.framework/Versions/A/Accelerate
0x0000000001a61000 	/System/Library/Frameworks/Accelerate.framework/Versions/A/Frameworks/vImage.framework/Versions/A/vImage
0x0000000001a61000 	/System/Library/Frameworks/Accelerate.framework/Versions/A/Frameworks/vecLib.framework/Versions/A/vecLib
0x0000000001a61000 	/System/Library/Frameworks/Accelerate.framework/Versions/A/Frameworks/vecLib.framework/Versions/A/libvDSP.dylib
0x0000000001a61000 	/System/Library/Frameworks/Accelerate.framework/Versions/A/Frameworks/vecLib.framework/Versions/A/libvMisc.dylib
0x0000000001a61000 	/System/Library/Frameworks/Accelerate.framework/Versions/A/Frameworks/vecLib.framework/Versions/A/libLAPACK.dylib
0x0000000001a61000 	/System/Library/Frameworks/Accelerate.framework/Versions/A/Frameworks/vecLib.framework/Versions/A/libBLAS.dylib
0x0000000001a61000 	/System/Library/Frameworks/Accelerate.framework/Versions/A/Frameworks/vecLib.framework/Versions/A/libLinearAlgebra.dylib
0x0000000001a61000 	/System/Library/Frameworks/ApplicationServices.framework/Versions/A/Frameworks/ATS.framework/Versions/A/Resources/libFontParser.dylib
0x0000000001a61000 	/System/Library/Frameworks/ApplicationServices.framework/Versions/A/Frameworks/ATS.framework/Versions/A/Resources/libFontRegistry.dylib
0x0000000001a61000 	/System/Library/PrivateFrameworks/AppleVPA.framework/Versions/A/AppleVPA
0x0000000001a61000 	/System/Library/PrivateFrameworks/AppleJPEG.framework/Versions/A/AppleJPEG
0x0000000001a61000 	/System/Library/Frameworks/ImageIO.framework/Versions/A/Resources/libJPEG.dylib
0x0000000001a61000 	/System/Library/Frameworks/ImageIO.framework/Versions/A/Resources/libTIFF.dylib
0x0000000001a61000 	/System/Library/Frameworks/ImageIO.framework/Versions/A/Resources/libPng.dylib
0x0000000001a61000 	/System/Library/Frameworks/ImageIO.framework/Versions/A/Resources/libGIF.dylib
0x0000000001a61000 	/System/Library/Frameworks/ImageIO.framework/Versions/A/Resources/libJP2.dylib
0x0000000001a61000 	/System/Library/Frameworks/ImageIO.framework/Versions/A/Resources/libRadiance.dylib
0x0000000001a61000 	/System/Library/Frameworks/CoreVideo.framework/Versions/A/CoreVideo
0x0000000001a61000 	/System/Library/Frameworks/OpenGL.framework/Versions/A/Libraries/libGLU.dylib
0x0000000001a61000 	/System/Library/Frameworks/OpenGL.framework/Versions/A/Libraries/libGFXShared.dylib
0x0000000001a61000 	/System/Library/Frameworks/OpenGL.framework/Versions/A/Libraries/libGL.dylib
0x0000000001a61000 	/System/Library/Frameworks/OpenGL.framework/Versions/A/Libraries/libGLImage.dylib
0x0000000001a61000 	/System/Library/Frameworks/OpenGL.framework/Versions/A/Libraries/libCVMSPluginSupport.dylib
0x0000000001a61000 	/System/Library/Frameworks/OpenGL.framework/Versions/A/Libraries/libCoreVMClient.dylib
0x0000000001a61000 	/usr/lib/libcups.2.dylib
0x0000000001a61000 	/System/Library/Frameworks/Kerberos.framework/Versions/A/Kerberos
0x0000000001a61000 	/System/Library/Frameworks/GSS.framework/Versions/A/GSS
0x0000000001a61000 	/usr/lib/libresolv.9.dylib
0x0000000001a61000 	/usr/lib/libiconv.2.dylib
0x0000000001a61000 	/System/Library/PrivateFrameworks/Heimdal.framework/Versions/A/Heimdal
0x0000000001a61000 	/usr/lib/libheimdal-asn1.dylib
0x0000000001a61000 	/System/Library/Frameworks/OpenDirectory.framework/Versions/A/OpenDirectory
0x0000000001a61000 	/System/Library/PrivateFrameworks/CommonAuth.framework/Versions/A/CommonAuth
0x0000000001a61000 	/System/Library/Frameworks/OpenDirectory.framework/Versions/A/Frameworks/CFOpenDirectory.framework/Versions/A/CFOpenDirectory
0x0000000001a61000 	/System/Library/Frameworks/SecurityFoundation.framework/Versions/A/SecurityFoundation
0x0000000001a61000 	/System/Library/PrivateFrameworks/LanguageModeling.framework/Versions/A/LanguageModeling
0x0000000001a61000 	/usr/lib/libcmph.dylib
0x0000000001a61000 	/System/Library/Frameworks/ServiceManagement.framework/Versions/A/ServiceManagement
0x0000000001a61000 	/usr/lib/libxslt.1.dylib
0x0000000001a61000 	/System/Library/Frameworks/Carbon.framework/Versions/A/Frameworks/Ink.framework/Versions/A/Ink
0x0000000001a61000 	/System/Library/Frameworks/QuartzCore.framework/Versions/A/Frameworks/CoreImage.framework/Versions/A/CoreImage
0x0000000001a61000 	/System/Library/PrivateFrameworks/CrashReporterSupport.framework/Versions/A/CrashReporterSupport
0x0000000001a61000 	/System/Library/Frameworks/OpenCL.framework/Versions/A/OpenCL
0x0000000001a61000 	/System/Library/PrivateFrameworks/FaceCore.framework/Versions/A/FaceCore
0x0000000001a61000 	/System/Library/PrivateFrameworks/Ubiquity.framework/Versions/A/Ubiquity
0x0000000001a61000 	/System/Library/PrivateFrameworks/IconServices.framework/Versions/A/IconServices
0x0000000001a61000 	/System/Library/PrivateFrameworks/ChunkingLibrary.framework/Versions/A/ChunkingLibrary
0x0000000001a61000 	/System/Library/PrivateFrameworks/Apple80211.framework/Versions/A/Apple80211
0x0000000001a61000 	/System/Library/Frameworks/CoreWLAN.framework/Versions/A/CoreWLAN
0x0000000001a61000 	/System/Library/Frameworks/IOBluetooth.framework/Versions/A/IOBluetooth
0x0000000001a61000 	/System/Library/PrivateFrameworks/CoreWiFi.framework/Versions/A/CoreWiFi
0x0000000001a61000 	/System/Library/Frameworks/CoreBluetooth.framework/Versions/A/CoreBluetooth
0x0000000001a61000 	/System/Library/PrivateFrameworks/DebugSymbols.framework/Versions/A/DebugSymbols
0x0000000001a61000 	/System/Library/PrivateFrameworks/CoreSymbolication.framework/Versions/A/CoreSymbolication
0x0000000001a61000 	/System/Library/PrivateFrameworks/Symbolication.framework/Versions/A/Symbolication
0x0000000001a61000 	/System/Library/PrivateFrameworks/SpeechRecognitionCore.framework/Versions/A/SpeechRecognitionCore
0x000000004c846000 	/System/Library/CoreServices/Encodings/libCyrillicConverter.dylib
0x0000000107417000 	/Library/Java/JavaVirtualMachines/jdk1.8.0_74.jdk/Contents/Home/jre/lib/server/libjvm.dylib
0x0000000001a61000 	/usr/lib/libstdc++.6.dylib
0x00000001084a9000 	/Library/Java/JavaVirtualMachines/jdk1.8.0_74.jdk/Contents/Home/jre/lib/libverify.dylib
0x00000001084b7000 	/Library/Java/JavaVirtualMachines/jdk1.8.0_74.jdk/Contents/Home/jre/lib/libjava.dylib
0x00000001084ec000 	/Library/Java/JavaVirtualMachines/jdk1.8.0_74.jdk/Contents/Home/jre/lib/libjdwp.dylib
0x0000000108537000 	/Library/Java/JavaVirtualMachines/jdk1.8.0_74.jdk/Contents/Home/jre/lib/libnpt.dylib
0x0000000108543000 	/Library/Java/JavaVirtualMachines/jdk1.8.0_74.jdk/Contents/Home/jre/lib/libzip.dylib
0x00000001de7cc000 	/System/Library/Frameworks/JavaVM.framework/Frameworks/JavaRuntimeSupport.framework/JavaRuntimeSupport
0x00000001de7e7000 	/System/Library/Frameworks/JavaVM.framework/Versions/A/Frameworks/JavaNativeFoundation.framework/Versions/A/JavaNativeFoundation
0x00000001de7fc000 	/System/Library/Frameworks/JavaVM.framework/Versions/A/JavaVM
0x0000000001a61000 	/System/Library/Frameworks/Carbon.framework/Versions/A/Carbon
0x00000001de809000 	/System/Library/PrivateFrameworks/JavaLaunching.framework/Versions/A/JavaLaunching
0x0000000001a61000 	/System/Library/Frameworks/Carbon.framework/Versions/A/Frameworks/CommonPanels.framework/Versions/A/CommonPanels
0x0000000001a61000 	/System/Library/Frameworks/Carbon.framework/Versions/A/Frameworks/Help.framework/Versions/A/Help
0x0000000001a61000 	/System/Library/Frameworks/Carbon.framework/Versions/A/Frameworks/ImageCapture.framework/Versions/A/ImageCapture
0x0000000001a61000 	/System/Library/Frameworks/Carbon.framework/Versions/A/Frameworks/OpenScripting.framework/Versions/A/OpenScripting
0x0000000001a61000 	/System/Library/Frameworks/Carbon.framework/Versions/A/Frameworks/Print.framework/Versions/A/Print
0x0000000001a61000 	/System/Library/Frameworks/Carbon.framework/Versions/A/Frameworks/SecurityHI.framework/Versions/A/SecurityHI
0x00000001e01f0000 	/Library/Java/JavaVirtualMachines/jdk1.8.0_74.jdk/Contents/Home/jre/lib/libdt_socket.dylib

VM Arguments:
jvm_args: -agentlib:jdwp=transport=dt_socket,address=127.0.0.1:64601,suspend=y,server=n -Dfile.encoding=UTF-8 
java_command: MapperVer1
java_class_path (initial): /Library/Java/JavaVirtualMachines/jdk1.8.0_74.jdk/Contents/Home/jre/lib/charsets.jar:/Library/Java/JavaVirtualMachines/jdk1.8.0_74.jdk/Contents/Home/jre/lib/deploy.jar:/Library/Java/JavaVirtualMachines/jdk1.8.0_74.jdk/Contents/Home/jre/lib/ext/cldrdata.jar:/Library/Java/JavaVirtualMachines/jdk1.8.0_74.jdk/Contents/Home/jre/lib/ext/dnsns.jar:/Library/Java/JavaVirtualMachines/jdk1.8.0_74.jdk/Contents/Home/jre/lib/ext/jaccess.jar:/Library/Java/JavaVirtualMachines/jdk1.8.0_74.jdk/Contents/Home/jre/lib/ext/jfxrt.jar:/Library/Java/JavaVirtualMachines/jdk1.8.0_74.jdk/Contents/Home/jre/lib/ext/localedata.jar:/Library/Java/JavaVirtualMachines/jdk1.8.0_74.jdk/Contents/Home/jre/lib/ext/nashorn.jar:/Library/Java/JavaVirtualMachines/jdk1.8.0_74.jdk/Contents/Home/jre/lib/ext/sunec.jar:/Library/Java/JavaVirtualMachines/jdk1.8.0_74.jdk/Contents/Home/jre/lib/ext/sunjce_provider.jar:/Library/Java/JavaVirtualMachines/jdk1.8.0_74.jdk/Contents/Home/jre/lib/ext/sunpkcs11.jar:/Library/Java/JavaVirtualMachines/jdk1.8.0_74.jdk/Contents/Home/jre/lib/ext/zipfs.jar:/Library/Java/JavaVirtualMachines/jdk1.8.0_74.jdk/Contents/Home/jre/lib/javaws.jar:/Library/Java/JavaVirtualMachines/jdk1.8.0_74.jdk/Contents/Home/jre/lib/jce.jar:/Library/Java/JavaVirtualMachines/jdk1.8.0_74.jdk/Contents/Home/jre/lib/jfr.jar:/Library/Java/JavaVirtualMachines/jdk1.8.0_74.jdk/Contents/Home/jre/lib/jfxswt.jar:/Library/Java/JavaVirtualMachines/jdk1.8.0_74.jdk/Contents/Home/jre/lib/jsse.jar:/Library/Java/JavaVirtualMachines/jdk1.8.0_74.jdk/Contents/Home/jre/lib/management-agent.jar:/Library/Java/JavaVirtualMachines/jdk1.8.0_74.jdk/Contents/Home/jre/lib/plugin.jar:/Library/Java/JavaVirtualMachines/jdk1.8.0_74.jdk/Contents/Home/jre/lib/resources.jar:/Library/Java/JavaVirtualMachines/jdk1.8.0_74.jdk/Contents/Home/jre/lib/rt.jar:/Library/Java/JavaVirtualMachines/jdk1.8.0_74.jdk/Contents/Home/lib/ant-javafx.jar:/Library/Java/JavaVirtualMachines/jdk1.8.0_74.jdk/Contents/Home/lib/dt.jar:/Library/Ja
Launcher Type: SUN_STANDARD

Environment Variables:
PATH=/usr/local/bin:/usr/bin:/bin:/usr/sbin:/sbin
SHELL=/bin/bash

Signal Handlers:
SIGSEGV: [libjvm.dylib+0x5a6855], sa_mask[0]=11111111011111110111111111111111, sa_flags=SA_ONSTACK|SA_RESTART|SA_SIGINFO
SIGBUS: [libjvm.dylib+0x5a6855], sa_mask[0]=11111111011111110111111111111111, sa_flags=SA_RESTART|SA_SIGINFO
SIGFPE: [libjvm.dylib+0x4804ec], sa_mask[0]=11111111011111110111111111111111, sa_flags=SA_RESTART|SA_SIGINFO
SIGPIPE: [libjvm.dylib+0x4804ec], sa_mask[0]=11111111011111110111111111111111, sa_flags=SA_RESTART|SA_SIGINFO
SIGXFSZ: [libjvm.dylib+0x4804ec], sa_mask[0]=11111111011111110111111111111111, sa_flags=SA_RESTART|SA_SIGINFO
SIGILL: [libjvm.dylib+0x4804ec], sa_mask[0]=11111111011111110111111111111111, sa_flags=SA_RESTART|SA_SIGINFO
SIGUSR1: SIG_DFL, sa_mask[0]=00000000000000000000000000000000, sa_flags=none
SIGUSR2: [libjvm.dylib+0x48000a], sa_mask[0]=00100000000000000000000000000000, sa_flags=SA_RESTART|SA_SIGINFO
SIGHUP: [libjvm.dylib+0x47e5e1], sa_mask[0]=11111111011111110111111111111111, sa_flags=SA_RESTART|SA_SIGINFO
SIGINT: [libjvm.dylib+0x47e5e1], sa_mask[0]=11111111011111110111111111111111, sa_flags=SA_RESTART|SA_SIGINFO
SIGTERM: [libjvm.dylib+0x47e5e1], sa_mask[0]=11111111011111110111111111111111, sa_flags=SA_RESTART|SA_SIGINFO
SIGQUIT: [libjvm.dylib+0x47e5e1], sa_mask[0]=11111111011111110111111111111111, sa_flags=SA_RESTART|SA_SIGINFO


---------------  S Y S T E M  ---------------

OS:Bsduname:Darwin 14.5.0 Darwin Kernel Version 14.5.0: Thu Apr 21 20:40:54 PDT 2016; root:xnu-2782.50.3~1/RELEASE_X86_64 x86_64
rlimit: STACK 8192k, CORE 0k, NPROC 709, NOFILE 10240, AS infinity
load average:4.90 3.98 3.32

CPU:total 4 (2 cores per cpu, 2 threads per core) family 6 model 69 stepping 1, cmov, cx8, fxsr, mmx, sse, sse2, sse3, ssse3, sse4.1, sse4.2, popcnt, avx, avx2, aes, clmul, erms, lzcnt, ht, tsc, tscinvbit, bmi1, bmi2

Memory: 4k page, physical 8388608k(96144k free)

/proc/meminfo:


vm_info: Java HotSpot(TM) 64-Bit Server VM (25.74-b02) for bsd-amd64 JRE (1.8.0_74-b02), built on Jan 29 2016 15:32:34 by "java_re" with gcc 4.2.1 (Based on Apple Inc. build 5658) (LLVM build 2336.11.00)

time: Wed Jun 29 23:48:00 2016
elapsed time: 952 seconds (0d 0h 15m 52s)

